sen：
hmcl:912f7b04-cc39-4939-a981-a9872a24eb97
wy:1a850c40-5a78-3c1f-a340-5b2385bc27a9

肖可愛：
hmcl:08df447f-81e5-4c13-a606-9fa5fc5bd0a6
wy:30045850-e535-37c4-b664-98419619e2fb

晨陽呀
hmcl：47a39cbd-6e85-4c28-9c6d-f738e290935e
157c6f90-505c-4497-a28f-5a08c4623a31
wy：12ae35a7-379b-3a8a-8758-a2219abed78f

leimu
hmcl：5872f9f9-07ab-4437-990d-83105ae3a54c
正版：282758e6-0cc7-3d2f-aac4-18eae1cd5c87
58aa2dd0-2478-3782-92dc-e00e1791e029

ab
hmcl: 1ebdf318-ba3c-3f61-8179-3a1c815a2c3f
wy: cecc1f9c-2c71-31b0-94d8-98b4964a1e1b

赤月：
hmcl: e30de514-3b5c-321c-a4e4-b1eb71651456
wy: cffd63be-8f6d-3cc5-9c0f-85afe2a01299

無心：
h:3795a452-5753-364f-b312-fac8f8827a8f
w:b7e178df-b8a8-31ba-a005-0fa59d0f3df5

网课：
h:dab936e7-dbf7-4492-a659-90adfc821a34
w：e396d957-cda1-32d4-a624-ccfbf7ceb6d2

imhairui:
h:2f287132-781a-3554-90e2-29c9de9dc301

CN：
h:a2d11219-e1f2-3736-97a9-b293e5f51535
7903a531-afe9-4a13-85bc-cfce71089f84
wy:97d16b74-51c3-3527-886a-bac930223932
